{"C:\\Users\\furqo\\.gemini\\antigravity-ide\\scratch\\dev-portfolio\\src\\App.tsx": {"path":"C:\\Users\\furqo\\.gemini\\antigravity-ide\\scratch\\dev-portfolio\\src\\App.tsx","statementMap":{"0":{"start":{"line":13,"column":33},"end":{"line":13,"column":42}},"1":{"start":{"line":15,"column":2},"end":{"line":31,"column":null}}},"fnMap":{"0":{"name":"App","decl":{"start":{"line":12,"column":24},"end":{"line":12,"column":30}},"loc":{"start":{"line":12,"column":30},"end":{"line":33,"column":null}},"line":12}},"branchMap":{},"s":{"0":4,"1":4},"f":{"0":4},"b":{},"meta":{"lastBranch":0,"lastFunction":1,"lastStatement":2,"seen":{"f:12:24:12:30":0,"s:13:33:13:42":0,"s:15:2:31:Infinity":1},"fnNames":{}}}
,"C:\\Users\\furqo\\.gemini\\antigravity-ide\\scratch\\dev-portfolio\\src\\components\\layout\\Footer.tsx": {"path":"C:\\Users\\furqo\\.gemini\\antigravity-ide\\scratch\\dev-portfolio\\src\\components\\layout\\Footer.tsx","statementMap":{"0":{"start":{"line":4,"column":8},"end":{"line":6,"column":null}},"1":{"start":{"line":5,"column":4},"end":{"line":5,"column":null}},"2":{"start":{"line":8,"column":2},"end":{"line":21,"column":null}}},"fnMap":{"0":{"name":"Footer","decl":{"start":{"line":3,"column":24},"end":{"line":3,"column":33}},"loc":{"start":{"line":3,"column":33},"end":{"line":23,"column":null}},"line":3},"1":{"name":"(anonymous_1)","decl":{"start":{"line":4,"column":8},"end":{"line":4,"column":32}},"loc":{"start":{"line":4,"column":32},"end":{"line":6,"column":null}},"line":4}},"branchMap":{},"s":{"0":6,"1":1,"2":6},"f":{"0":6,"1":1},"b":{},"meta":{"lastBranch":0,"lastFunction":2,"lastStatement":3,"seen":{"f:3:24:3:33":0,"s:4:8:6:Infinity":0,"f:4:8:4:32":1,"s:5:4:5:Infinity":1,"s:8:2:21:Infinity":2},"fnNames":{}}}
,"C:\\Users\\furqo\\.gemini\\antigravity-ide\\scratch\\dev-portfolio\\src\\components\\layout\\Navbar.tsx": {"path":"C:\\Users\\furqo\\.gemini\\antigravity-ide\\scratch\\dev-portfolio\\src\\components\\layout\\Navbar.tsx","statementMap":{"0":{"start":{"line":11,"column":46},"end":{"line":11,"column":null}},"1":{"start":{"line":12,"column":44},"end":{"line":12,"column":null}},"2":{"start":{"line":13,"column":38},"end":{"line":13,"column":null}},"3":{"start":{"line":16,"column":2},"end":{"line":24,"column":null}},"4":{"start":{"line":17,"column":10},"end":{"line":21,"column":null}},"5":{"start":{"line":18,"column":26},"end":{"line":18,"column":null}},"6":{"start":{"line":19,"column":23},"end":{"line":19,"column":null}},"7":{"start":{"line":20,"column":6},"end":{"line":20,"column":null}},"8":{"start":{"line":22,"column":4},"end":{"line":22,"column":null}},"9":{"start":{"line":23,"column":4},"end":{"line":23,"column":null}},"10":{"start":{"line":23,"column":17},"end":{"line":23,"column":null}},"11":{"start":{"line":27,"column":2},"end":{"line":44,"column":null}},"12":{"start":{"line":28,"column":21},"end":{"line":28,"column":null}},"13":{"start":{"line":28,"column":44},"end":{"line":28,"column":70}},"14":{"start":{"line":29,"column":21},"end":{"line":38,"column":null}},"15":{"start":{"line":31,"column":8},"end":{"line":35,"column":null}},"16":{"start":{"line":32,"column":10},"end":{"line":34,"column":null}},"17":{"start":{"line":33,"column":12},"end":{"line":33,"column":null}},"18":{"start":{"line":39,"column":4},"end":{"line":42,"column":null}},"19":{"start":{"line":40,"column":17},"end":{"line":40,"column":null}},"20":{"start":{"line":41,"column":6},"end":{"line":41,"column":null}},"21":{"start":{"line":41,"column":14},"end":{"line":41,"column":null}},"22":{"start":{"line":43,"column":4},"end":{"line":43,"column":null}},"23":{"start":{"line":43,"column":17},"end":{"line":43,"column":null}},"24":{"start":{"line":46,"column":25},"end":{"line":54,"column":null}},"25":{"start":{"line":48,"column":6},"end":{"line":48,"column":null}},"26":{"start":{"line":49,"column":6},"end":{"line":49,"column":null}},"27":{"start":{"line":50,"column":17},"end":{"line":50,"column":null}},"28":{"start":{"line":51,"column":6},"end":{"line":51,"column":null}},"29":{"start":{"line":51,"column":14},"end":{"line":51,"column":null}},"30":{"start":{"line":57,"column":2},"end":{"line":63,"column":null}},"31":{"start":{"line":58,"column":10},"end":{"line":60,"column":null}},"32":{"start":{"line":59,"column":6},"end":{"line":59,"column":null}},"33":{"start":{"line":59,"column":35},"end":{"line":59,"column":null}},"34":{"start":{"line":61,"column":4},"end":{"line":61,"column":null}},"35":{"start":{"line":62,"column":4},"end":{"line":62,"column":null}},"36":{"start":{"line":62,"column":17},"end":{"line":62,"column":null}},"37":{"start":{"line":66,"column":2},"end":{"line":69,"column":null}},"38":{"start":{"line":67,"column":4},"end":{"line":67,"column":null}},"39":{"start":{"line":68,"column":4},"end":{"line":68,"column":null}},"40":{"start":{"line":68,"column":19},"end":{"line":68,"column":54}},"41":{"start":{"line":71,"column":2},"end":{"line":136,"column":null}},"42":{"start":{"line":74,"column":63},"end":{"line":74,"column":83}},"43":{"start":{"line":74,"column":83},"end":{"line":74,"column":132}},"44":{"start":{"line":80,"column":12},"end":{"line":88,"column":null}},"45":{"start":{"line":84,"column":32},"end":{"line":84,"column":null}},"46":{"start":{"line":103,"column":27},"end":{"line":103,"column":null}},"47":{"start":{"line":120,"column":23},"end":{"line":120,"column":null}},"48":{"start":{"line":126,"column":10},"end":{"line":133,"column":null}},"49":{"start":{"line":130,"column":28},"end":{"line":130,"column":null}}},"fnMap":{"0":{"name":"Navbar","decl":{"start":{"line":10,"column":24},"end":{"line":10,"column":31}},"loc":{"start":{"line":10,"column":70},"end":{"line":138,"column":null}},"line":10},"1":{"name":"(anonymous_1)","decl":{"start":{"line":16,"column":2},"end":{"line":16,"column":18}},"loc":{"start":{"line":16,"column":18},"end":{"line":24,"column":5}},"line":16},"2":{"name":"(anonymous_2)","decl":{"start":{"line":17,"column":10},"end":{"line":17,"column":31}},"loc":{"start":{"line":17,"column":31},"end":{"line":21,"column":null}},"line":17},"3":{"name":"(anonymous_3)","decl":{"start":{"line":23,"column":4},"end":{"line":23,"column":17}},"loc":{"start":{"line":23,"column":17},"end":{"line":23,"column":null}},"line":23},"4":{"name":"(anonymous_4)","decl":{"start":{"line":27,"column":2},"end":{"line":27,"column":18}},"loc":{"start":{"line":27,"column":18},"end":{"line":44,"column":5}},"line":27},"5":{"name":"(anonymous_5)","decl":{"start":{"line":28,"column":30},"end":{"line":28,"column":35}},"loc":{"start":{"line":28,"column":44},"end":{"line":28,"column":70}},"line":28},"6":{"name":"(anonymous_6)","decl":{"start":{"line":29,"column":25},"end":{"line":29,"column":null}},"loc":{"start":{"line":30,"column":19},"end":{"line":36,"column":null}},"line":30},"7":{"name":"(anonymous_7)","decl":{"start":{"line":31,"column":16},"end":{"line":31,"column":25}},"loc":{"start":{"line":31,"column":35},"end":{"line":35,"column":9}},"line":31},"8":{"name":"(anonymous_8)","decl":{"start":{"line":39,"column":13},"end":{"line":39,"column":22}},"loc":{"start":{"line":39,"column":29},"end":{"line":42,"column":5}},"line":39},"9":{"name":"(anonymous_9)","decl":{"start":{"line":43,"column":4},"end":{"line":43,"column":17}},"loc":{"start":{"line":43,"column":17},"end":{"line":43,"column":null}},"line":43},"10":{"name":"(anonymous_10)","decl":{"start":{"line":46,"column":25},"end":{"line":46,"column":null}},"loc":{"start":{"line":47,"column":62},"end":{"line":52,"column":null}},"line":47},"11":{"name":"(anonymous_11)","decl":{"start":{"line":57,"column":2},"end":{"line":57,"column":18}},"loc":{"start":{"line":57,"column":18},"end":{"line":63,"column":5}},"line":57},"12":{"name":"(anonymous_12)","decl":{"start":{"line":58,"column":10},"end":{"line":58,"column":31}},"loc":{"start":{"line":58,"column":31},"end":{"line":60,"column":null}},"line":58},"13":{"name":"(anonymous_13)","decl":{"start":{"line":62,"column":4},"end":{"line":62,"column":17}},"loc":{"start":{"line":62,"column":17},"end":{"line":62,"column":null}},"line":62},"14":{"name":"(anonymous_14)","decl":{"start":{"line":66,"column":2},"end":{"line":66,"column":18}},"loc":{"start":{"line":66,"column":18},"end":{"line":69,"column":5}},"line":66},"15":{"name":"(anonymous_15)","decl":{"start":{"line":68,"column":4},"end":{"line":68,"column":17}},"loc":{"start":{"line":68,"column":17},"end":{"line":68,"column":null}},"line":68},"16":{"name":"(anonymous_16)","decl":{"start":{"line":74,"column":45},"end":{"line":74,"column":55}},"loc":{"start":{"line":74,"column":61},"end":{"line":74,"column":null}},"line":74},"17":{"name":"(anonymous_17)","decl":{"start":{"line":79,"column":20},"end":{"line":79,"column":25}},"loc":{"start":{"line":80,"column":12},"end":{"line":88,"column":null}},"line":80},"18":{"name":"(anonymous_18)","decl":{"start":{"line":84,"column":16},"end":{"line":84,"column":26}},"loc":{"start":{"line":84,"column":32},"end":{"line":84,"column":null}},"line":84},"19":{"name":"(anonymous_19)","decl":{"start":{"line":103,"column":12},"end":{"line":103,"column":27}},"loc":{"start":{"line":103,"column":27},"end":{"line":103,"column":null}},"line":103},"20":{"name":"(anonymous_20)","decl":{"start":{"line":120,"column":8},"end":{"line":120,"column":23}},"loc":{"start":{"line":120,"column":23},"end":{"line":120,"column":null}},"line":120},"21":{"name":"(anonymous_21)","decl":{"start":{"line":125,"column":18},"end":{"line":125,"column":23}},"loc":{"start":{"line":126,"column":10},"end":{"line":133,"column":null}},"line":126},"22":{"name":"(anonymous_22)","decl":{"start":{"line":130,"column":12},"end":{"line":130,"column":22}},"loc":{"start":{"line":130,"column":28},"end":{"line":130,"column":null}},"line":130}},"branchMap":{"0":{"loc":{"start":{"line":19,"column":23},"end":{"line":19,"column":null}},"type":"cond-expr","locations":[{"start":{"line":19,"column":42},"end":{"line":19,"column":80}},{"start":{"line":19,"column":80},"end":{"line":19,"column":null}}],"line":19},"1":{"loc":{"start":{"line":32,"column":10},"end":{"line":34,"column":null}},"type":"if","locations":[{"start":{"line":32,"column":10},"end":{"line":34,"column":null}},{"start":{},"end":{}}],"line":32},"2":{"loc":{"start":{"line":41,"column":6},"end":{"line":41,"column":null}},"type":"if","locations":[{"start":{"line":41,"column":6},"end":{"line":41,"column":null}},{"start":{},"end":{}}],"line":41},"3":{"loc":{"start":{"line":51,"column":6},"end":{"line":51,"column":null}},"type":"if","locations":[{"start":{"line":51,"column":6},"end":{"line":51,"column":null}},{"start":{},"end":{}}],"line":51},"4":{"loc":{"start":{"line":59,"column":6},"end":{"line":59,"column":null}},"type":"if","locations":[{"start":{"line":59,"column":6},"end":{"line":59,"column":null}},{"start":{},"end":{}}],"line":59},"5":{"loc":{"start":{"line":67,"column":35},"end":{"line":67,"column":null}},"type":"cond-expr","locations":[{"start":{"line":67,"column":48},"end":{"line":67,"column":59}},{"start":{"line":67,"column":59},"end":{"line":67,"column":null}}],"line":67},"6":{"loc":{"start":{"line":83,"column":43},"end":{"line":83,"column":null}},"type":"cond-expr","locations":[{"start":{"line":83,"column":73},"end":{"line":83,"column":84}},{"start":{"line":83,"column":84},"end":{"line":83,"column":null}}],"line":83},"7":{"loc":{"start":{"line":96,"column":37},"end":{"line":96,"column":73}},"type":"cond-expr","locations":[{"start":{"line":96,"column":56},"end":{"line":96,"column":66}},{"start":{"line":96,"column":66},"end":{"line":96,"column":73}}],"line":96},"8":{"loc":{"start":{"line":98,"column":13},"end":{"line":98,"column":null}},"type":"cond-expr","locations":[{"start":{"line":98,"column":32},"end":{"line":98,"column":53}},{"start":{"line":98,"column":52},"end":{"line":98,"column":null}}],"line":98},"9":{"loc":{"start":{"line":102,"column":44},"end":{"line":102,"column":null}},"type":"cond-expr","locations":[{"start":{"line":102,"column":57},"end":{"line":102,"column":66}},{"start":{"line":102,"column":66},"end":{"line":102,"column":null}}],"line":102},"10":{"loc":{"start":{"line":119,"column":45},"end":{"line":119,"column":null}},"type":"cond-expr","locations":[{"start":{"line":119,"column":58},"end":{"line":119,"column":67}},{"start":{"line":119,"column":67},"end":{"line":119,"column":null}}],"line":119},"11":{"loc":{"start":{"line":124,"column":45},"end":{"line":124,"column":null}},"type":"cond-expr","locations":[{"start":{"line":124,"column":58},"end":{"line":124,"column":67}},{"start":{"line":124,"column":67},"end":{"line":124,"column":null}}],"line":124},"12":{"loc":{"start":{"line":129,"column":46},"end":{"line":129,"column":null}},"type":"cond-expr","locations":[{"start":{"line":129,"column":76},"end":{"line":129,"column":87}},{"start":{"line":129,"column":87},"end":{"line":129,"column":null}}],"line":129}},"s":{"0":28,"1":28,"2":28,"3":28,"4":15,"5":2,"6":2,"7":2,"8":15,"9":15,"10":15,"11":28,"12":15,"13":90,"14":15,"15":2,"16":2,"17":1,"18":15,"19":90,"20":90,"21":22,"22":15,"23":15,"24":28,"25":3,"26":3,"27":3,"28":3,"29":2,"30":28,"31":15,"32":1,"33":1,"34":15,"35":15,"36":15,"37":28,"38":23,"39":23,"40":23,"41":28,"42":1,"43":1,"44":168,"45":2,"46":5,"47":1,"48":168,"49":1},"f":{"0":28,"1":15,"2":2,"3":15,"4":15,"5":90,"6":2,"7":2,"8":90,"9":15,"10":3,"11":15,"12":1,"13":15,"14":23,"15":23,"16":1,"17":168,"18":2,"19":5,"20":1,"21":168,"22":1},"b":{"0":[1,1],"1":[1,1],"2":[22,68],"3":[2,1],"4":[1,0],"5":[4,19],"6":[1,167],"7":[26,2],"8":[26,2],"9":[4,24],"10":[4,24],"11":[4,24],"12":[1,167]},"meta":{"lastBranch":13,"lastFunction":23,"lastStatement":50,"seen":{"f:10:24:10:31":0,"s:11:46:11:Infinity":0,"s:12:44:12:Infinity":1,"s:13:38:13:Infinity":2,"s:16:2:24:Infinity":3,"f:16:2:16:18":1,"s:17:10:21:Infinity":4,"f:17:10:17:31":2,"s:18:26:18:Infinity":5,"s:19:23:19:Infinity":6,"b:19:42:19:80:19:80:19:Infinity":0,"s:20:6:20:Infinity":7,"s:22:4:22:Infinity":8,"s:23:4:23:Infinity":9,"f:23:4:23:17":3,"s:23:17:23:Infinity":10,"s:27:2:44:Infinity":11,"f:27:2:27:18":4,"s:28:21:28:Infinity":12,"f:28:30:28:35":5,"s:28:44:28:70":13,"s:29:21:38:Infinity":14,"f:29:25:29:Infinity":6,"s:31:8:35:Infinity":15,"f:31:16:31:25":7,"b:32:10:34:Infinity:undefined:undefined:undefined:undefined":1,"s:32:10:34:Infinity":16,"s:33:12:33:Infinity":17,"s:39:4:42:Infinity":18,"f:39:13:39:22":8,"s:40:17:40:Infinity":19,"b:41:6:41:Infinity:undefined:undefined:undefined:undefined":2,"s:41:6:41:Infinity":20,"s:41:14:41:Infinity":21,"s:43:4:43:Infinity":22,"f:43:4:43:17":9,"s:43:17:43:Infinity":23,"s:46:25:54:Infinity":24,"f:46:25:46:Infinity":10,"s:48:6:48:Infinity":25,"s:49:6:49:Infinity":26,"s:50:17:50:Infinity":27,"b:51:6:51:Infinity:undefined:undefined:undefined:undefined":3,"s:51:6:51:Infinity":28,"s:51:14:51:Infinity":29,"s:57:2:63:Infinity":30,"f:57:2:57:18":11,"s:58:10:60:Infinity":31,"f:58:10:58:31":12,"b:59:6:59:Infinity:undefined:undefined:undefined:undefined":4,"s:59:6:59:Infinity":32,"s:59:35:59:Infinity":33,"s:61:4:61:Infinity":34,"s:62:4:62:Infinity":35,"f:62:4:62:17":13,"s:62:17:62:Infinity":36,"s:66:2:69:Infinity":37,"f:66:2:66:18":14,"s:67:4:67:Infinity":38,"b:67:48:67:59:67:59:67:Infinity":5,"s:68:4:68:Infinity":39,"f:68:4:68:17":15,"s:68:19:68:54":40,"s:71:2:136:Infinity":41,"f:74:45:74:55":16,"s:74:63:74:83":42,"s:74:83:74:132":43,"f:79:20:79:25":17,"s:80:12:88:Infinity":44,"b:83:73:83:84:83:84:83:Infinity":6,"f:84:16:84:26":18,"s:84:32:84:Infinity":45,"b:96:56:96:66:96:66:96:73":7,"b:98:32:98:53:98:52:98:Infinity":8,"b:102:57:102:66:102:66:102:Infinity":9,"f:103:12:103:27":19,"s:103:27:103:Infinity":46,"b:119:58:119:67:119:67:119:Infinity":10,"f:120:8:120:23":20,"s:120:23:120:Infinity":47,"b:124:58:124:67:124:67:124:Infinity":11,"f:125:18:125:23":21,"s:126:10:133:Infinity":48,"b:129:76:129:87:129:87:129:Infinity":12,"f:130:12:130:22":22,"s:130:28:130:Infinity":49},"fnNames":{}}}
,"C:\\Users\\furqo\\.gemini\\antigravity-ide\\scratch\\dev-portfolio\\src\\components\\sections\\About.tsx": {"path":"C:\\Users\\furqo\\.gemini\\antigravity-ide\\scratch\\dev-portfolio\\src\\components\\sections\\About.tsx","statementMap":{"0":{"start":{"line":5,"column":49},"end":{"line":10,"column":null}},"1":{"start":{"line":13,"column":29},"end":{"line":13,"column":61}},"2":{"start":{"line":14,"column":57},"end":{"line":14,"column":89}},"3":{"start":{"line":16,"column":2},"end":{"line":55,"column":null}},"4":{"start":{"line":45,"column":12},"end":{"line":51,"column":null}}},"fnMap":{"0":{"name":"About","decl":{"start":{"line":12,"column":24},"end":{"line":12,"column":32}},"loc":{"start":{"line":12,"column":32},"end":{"line":57,"column":null}},"line":12},"1":{"name":"(anonymous_1)","decl":{"start":{"line":44,"column":19},"end":{"line":44,"column":24}},"loc":{"start":{"line":45,"column":12},"end":{"line":51,"column":null}},"line":45}},"branchMap":{"0":{"loc":{"start":{"line":19,"column":51},"end":{"line":19,"column":null}},"type":"cond-expr","locations":[{"start":{"line":19,"column":63},"end":{"line":19,"column":78}},{"start":{"line":19,"column":78},"end":{"line":19,"column":null}}],"line":19},"1":{"loc":{"start":{"line":43,"column":76},"end":{"line":43,"column":null}},"type":"cond-expr","locations":[{"start":{"line":43,"column":93},"end":{"line":43,"column":108}},{"start":{"line":43,"column":108},"end":{"line":43,"column":null}}],"line":43},"2":{"loc":{"start":{"line":47,"column":17},"end":{"line":47,"column":null}},"type":"binary-expr","locations":[{"start":{"line":47,"column":17},"end":{"line":47,"column":41}},{"start":{"line":47,"column":41},"end":{"line":47,"column":null}}],"line":47}},"s":{"0":2,"1":7,"2":7,"3":7,"4":29},"f":{"0":7,"1":29},"b":{"0":[0,7],"1":[0,7],"2":[29,1]},"meta":{"lastBranch":3,"lastFunction":2,"lastStatement":5,"seen":{"s:5:49:10:Infinity":0,"f:12:24:12:32":0,"s:13:29:13:61":1,"s:14:57:14:89":2,"s:16:2:55:Infinity":3,"b:19:63:19:78:19:78:19:Infinity":0,"b:43:93:43:108:43:108:43:Infinity":1,"f:44:19:44:24":1,"s:45:12:51:Infinity":4,"b:47:17:47:41:47:41:47:Infinity":2},"fnNames":{}}}
,"C:\\Users\\furqo\\.gemini\\antigravity-ide\\scratch\\dev-portfolio\\src\\components\\sections\\Certifications.tsx": {"path":"C:\\Users\\furqo\\.gemini\\antigravity-ide\\scratch\\dev-portfolio\\src\\components\\sections\\Certifications.tsx","statementMap":{"0":{"start":{"line":6,"column":29},"end":{"line":6,"column":61}},"1":{"start":{"line":8,"column":2},"end":{"line":27,"column":null}},"2":{"start":{"line":23,"column":12},"end":{"line":23,"column":null}},"3":{"start":{"line":32,"column":29},"end":{"line":32,"column":null}},"4":{"start":{"line":34,"column":2},"end":{"line":62,"column":null}}},"fnMap":{"0":{"name":"Certifications","decl":{"start":{"line":5,"column":24},"end":{"line":5,"column":41}},"loc":{"start":{"line":5,"column":41},"end":{"line":29,"column":null}},"line":5},"1":{"name":"(anonymous_1)","decl":{"start":{"line":22,"column":26},"end":{"line":22,"column":31}},"loc":{"start":{"line":23,"column":12},"end":{"line":23,"column":null}},"line":23},"2":{"name":"CertificationCard","decl":{"start":{"line":31,"column":9},"end":{"line":31,"column":27}},"loc":{"start":{"line":31,"column":113},"end":{"line":64,"column":null}},"line":31}},"branchMap":{"0":{"loc":{"start":{"line":11,"column":51},"end":{"line":11,"column":null}},"type":"cond-expr","locations":[{"start":{"line":11,"column":63},"end":{"line":11,"column":78}},{"start":{"line":11,"column":78},"end":{"line":11,"column":null}}],"line":11},"1":{"loc":{"start":{"line":37,"column":64},"end":{"line":37,"column":null}},"type":"cond-expr","locations":[{"start":{"line":37,"column":76},"end":{"line":37,"column":91}},{"start":{"line":37,"column":91},"end":{"line":37,"column":null}}],"line":37},"2":{"loc":{"start":{"line":51,"column":7},"end":{"line":60,"column":null}},"type":"binary-expr","locations":[{"start":{"line":51,"column":7},"end":{"line":51,"column":null}},{"start":{"line":52,"column":8},"end":{"line":60,"column":null}}],"line":51}},"s":{"0":5,"1":5,"2":20,"3":20,"4":20},"f":{"0":5,"1":20,"2":20},"b":{"0":[0,5],"1":[0,20],"2":[20,20]},"meta":{"lastBranch":3,"lastFunction":3,"lastStatement":5,"seen":{"f:5:24:5:41":0,"s:6:29:6:61":0,"s:8:2:27:Infinity":1,"b:11:63:11:78:11:78:11:Infinity":0,"f:22:26:22:31":1,"s:23:12:23:Infinity":2,"f:31:9:31:27":2,"s:32:29:32:Infinity":3,"s:34:2:62:Infinity":4,"b:37:76:37:91:37:91:37:Infinity":1,"b:51:7:51:Infinity:52:8:60:Infinity":2},"fnNames":{}}}
,"C:\\Users\\furqo\\.gemini\\antigravity-ide\\scratch\\dev-portfolio\\src\\components\\sections\\Contact.tsx": {"path":"C:\\Users\\furqo\\.gemini\\antigravity-ide\\scratch\\dev-portfolio\\src\\components\\sections\\Contact.tsx","statementMap":{"0":{"start":{"line":7,"column":29},"end":{"line":7,"column":61}},"1":{"start":{"line":9,"column":2},"end":{"line":66,"column":null}}},"fnMap":{"0":{"name":"Contact","decl":{"start":{"line":6,"column":24},"end":{"line":6,"column":34}},"loc":{"start":{"line":6,"column":34},"end":{"line":68,"column":null}},"line":6}},"branchMap":{"0":{"loc":{"start":{"line":12,"column":51},"end":{"line":12,"column":null}},"type":"cond-expr","locations":[{"start":{"line":12,"column":63},"end":{"line":12,"column":78}},{"start":{"line":12,"column":78},"end":{"line":12,"column":null}}],"line":12}},"s":{"0":7,"1":7},"f":{"0":7},"b":{"0":[0,7]},"meta":{"lastBranch":1,"lastFunction":1,"lastStatement":2,"seen":{"f:6:24:6:34":0,"s:7:29:7:61":0,"s:9:2:66:Infinity":1,"b:12:63:12:78:12:78:12:Infinity":0},"fnNames":{}}}
,"C:\\Users\\furqo\\.gemini\\antigravity-ide\\scratch\\dev-portfolio\\src\\components\\sections\\Experience.tsx": {"path":"C:\\Users\\furqo\\.gemini\\antigravity-ide\\scratch\\dev-portfolio\\src\\components\\sections\\Experience.tsx","statementMap":{"0":{"start":{"line":5,"column":29},"end":{"line":5,"column":61}},"1":{"start":{"line":7,"column":2},"end":{"line":26,"column":null}},"2":{"start":{"line":22,"column":12},"end":{"line":22,"column":null}},"3":{"start":{"line":31,"column":29},"end":{"line":31,"column":null}},"4":{"start":{"line":33,"column":2},"end":{"line":72,"column":null}},"5":{"start":{"line":58,"column":12},"end":{"line":60,"column":null}},"6":{"start":{"line":66,"column":12},"end":{"line":68,"column":null}}},"fnMap":{"0":{"name":"Experience","decl":{"start":{"line":4,"column":24},"end":{"line":4,"column":37}},"loc":{"start":{"line":4,"column":37},"end":{"line":28,"column":null}},"line":4},"1":{"name":"(anonymous_1)","decl":{"start":{"line":21,"column":23},"end":{"line":21,"column":28}},"loc":{"start":{"line":22,"column":12},"end":{"line":22,"column":null}},"line":22},"2":{"name":"ExperienceItem","decl":{"start":{"line":30,"column":9},"end":{"line":30,"column":24}},"loc":{"start":{"line":30,"column":101},"end":{"line":74,"column":null}},"line":30},"3":{"name":"(anonymous_3)","decl":{"start":{"line":57,"column":35},"end":{"line":57,"column":40}},"loc":{"start":{"line":58,"column":12},"end":{"line":60,"column":null}},"line":58},"4":{"name":"(anonymous_4)","decl":{"start":{"line":65,"column":31},"end":{"line":65,"column":36}},"loc":{"start":{"line":66,"column":12},"end":{"line":68,"column":null}},"line":66}},"branchMap":{"0":{"loc":{"start":{"line":10,"column":51},"end":{"line":10,"column":null}},"type":"cond-expr","locations":[{"start":{"line":10,"column":63},"end":{"line":10,"column":78}},{"start":{"line":10,"column":78},"end":{"line":10,"column":null}}],"line":10},"1":{"loc":{"start":{"line":36,"column":51},"end":{"line":36,"column":null}},"type":"cond-expr","locations":[{"start":{"line":36,"column":63},"end":{"line":36,"column":78}},{"start":{"line":36,"column":78},"end":{"line":36,"column":null}}],"line":36}},"s":{"0":6,"1":6,"2":18,"3":18,"4":18,"5":72,"6":120},"f":{"0":6,"1":18,"2":18,"3":72,"4":120},"b":{"0":[0,6],"1":[0,18]},"meta":{"lastBranch":2,"lastFunction":5,"lastStatement":7,"seen":{"f:4:24:4:37":0,"s:5:29:5:61":0,"s:7:2:26:Infinity":1,"b:10:63:10:78:10:78:10:Infinity":0,"f:21:23:21:28":1,"s:22:12:22:Infinity":2,"f:30:9:30:24":2,"s:31:29:31:Infinity":3,"s:33:2:72:Infinity":4,"b:36:63:36:78:36:78:36:Infinity":1,"f:57:35:57:40":3,"s:58:12:60:Infinity":5,"f:65:31:65:36":4,"s:66:12:68:Infinity":6},"fnNames":{}}}
,"C:\\Users\\furqo\\.gemini\\antigravity-ide\\scratch\\dev-portfolio\\src\\components\\sections\\Hero.tsx": {"path":"C:\\Users\\furqo\\.gemini\\antigravity-ide\\scratch\\dev-portfolio\\src\\components\\sections\\Hero.tsx","statementMap":{"0":{"start":{"line":7,"column":20},"end":{"line":7,"column":null}},"1":{"start":{"line":10,"column":4},"end":{"line":14,"column":null}},"2":{"start":{"line":16,"column":2},"end":{"line":99,"column":null}},"3":{"start":{"line":50,"column":12},"end":{"line":50,"column":null}},"4":{"start":{"line":51,"column":12},"end":{"line":51,"column":null}},"5":{"start":{"line":57,"column":12},"end":{"line":57,"column":null}},"6":{"start":{"line":58,"column":12},"end":{"line":58,"column":null}}},"fnMap":{"0":{"name":"Hero","decl":{"start":{"line":6,"column":24},"end":{"line":6,"column":31}},"loc":{"start":{"line":6,"column":31},"end":{"line":101,"column":null}},"line":6},"1":{"name":"(anonymous_1)","decl":{"start":{"line":49,"column":65},"end":{"line":49,"column":75}},"loc":{"start":{"line":49,"column":81},"end":{"line":52,"column":13}},"line":49},"2":{"name":"(anonymous_2)","decl":{"start":{"line":56,"column":66},"end":{"line":56,"column":76}},"loc":{"start":{"line":56,"column":82},"end":{"line":59,"column":13}},"line":56}},"branchMap":{"0":{"loc":{"start":{"line":10,"column":4},"end":{"line":14,"column":null}},"type":"cond-expr","locations":[{"start":{"line":11,"column":8},"end":{"line":11,"column":null}},{"start":{"line":12,"column":8},"end":{"line":14,"column":null}}],"line":10},"1":{"loc":{"start":{"line":12,"column":8},"end":{"line":14,"column":null}},"type":"cond-expr","locations":[{"start":{"line":13,"column":8},"end":{"line":13,"column":null}},{"start":{"line":14,"column":8},"end":{"line":14,"column":null}}],"line":12}},"s":{"0":10,"1":10,"2":10,"3":1,"4":1,"5":1,"6":1},"f":{"0":10,"1":1,"2":1},"b":{"0":[2,8],"1":[7,1]},"meta":{"lastBranch":2,"lastFunction":3,"lastStatement":7,"seen":{"f:6:24:6:31":0,"s:7:20:7:Infinity":0,"s:10:4:14:Infinity":1,"b:11:8:11:Infinity:12:8:14:Infinity":0,"b:13:8:13:Infinity:14:8:14:Infinity":1,"s:16:2:99:Infinity":2,"f:49:65:49:75":1,"s:50:12:50:Infinity":3,"s:51:12:51:Infinity":4,"f:56:66:56:76":2,"s:57:12:57:Infinity":5,"s:58:12:58:Infinity":6},"fnNames":{}}}
,"C:\\Users\\furqo\\.gemini\\antigravity-ide\\scratch\\dev-portfolio\\src\\components\\sections\\Projects.tsx": {"path":"C:\\Users\\furqo\\.gemini\\antigravity-ide\\scratch\\dev-portfolio\\src\\components\\sections\\Projects.tsx","statementMap":{"0":{"start":{"line":7,"column":19},"end":{"line":14,"column":null}},"1":{"start":{"line":17,"column":42},"end":{"line":17,"column":null}},"2":{"start":{"line":18,"column":29},"end":{"line":18,"column":61}},"3":{"start":{"line":20,"column":27},"end":{"line":23,"column":null}},"4":{"start":{"line":21,"column":11},"end":{"line":21,"column":null}},"5":{"start":{"line":21,"column":70},"end":{"line":21,"column":97}},"6":{"start":{"line":25,"column":2},"end":{"line":58,"column":null}},"7":{"start":{"line":40,"column":14},"end":{"line":46,"column":null}},"8":{"start":{"line":43,"column":31},"end":{"line":43,"column":null}},"9":{"start":{"line":54,"column":12},"end":{"line":54,"column":null}},"10":{"start":{"line":63,"column":29},"end":{"line":63,"column":null}},"11":{"start":{"line":65,"column":2},"end":{"line":118,"column":null}},"12":{"start":{"line":98,"column":10},"end":{"line":100,"column":null}}},"fnMap":{"0":{"name":"Projects","decl":{"start":{"line":16,"column":24},"end":{"line":16,"column":35}},"loc":{"start":{"line":16,"column":35},"end":{"line":60,"column":null}},"line":16},"1":{"name":"(anonymous_1)","decl":{"start":{"line":20,"column":27},"end":{"line":20,"column":null}},"loc":{"start":{"line":21,"column":11},"end":{"line":21,"column":null}},"line":21},"2":{"name":"(anonymous_2)","decl":{"start":{"line":21,"column":56},"end":{"line":21,"column":64}},"loc":{"start":{"line":21,"column":70},"end":{"line":21,"column":97}},"line":21},"3":{"name":"(anonymous_3)","decl":{"start":{"line":39,"column":24},"end":{"line":39,"column":29}},"loc":{"start":{"line":40,"column":14},"end":{"line":46,"column":null}},"line":40},"4":{"name":"(anonymous_4)","decl":{"start":{"line":43,"column":16},"end":{"line":43,"column":31}},"loc":{"start":{"line":43,"column":31},"end":{"line":43,"column":null}},"line":43},"5":{"name":"(anonymous_5)","decl":{"start":{"line":53,"column":28},"end":{"line":53,"column":33}},"loc":{"start":{"line":54,"column":12},"end":{"line":54,"column":null}},"line":54},"6":{"name":"ProjectCard","decl":{"start":{"line":62,"column":9},"end":{"line":62,"column":21}},"loc":{"start":{"line":62,"column":89},"end":{"line":120,"column":null}},"line":62},"7":{"name":"(anonymous_7)","decl":{"start":{"line":97,"column":27},"end":{"line":97,"column":32}},"loc":{"start":{"line":98,"column":10},"end":{"line":100,"column":null}},"line":98}},"branchMap":{"0":{"loc":{"start":{"line":21,"column":11},"end":{"line":21,"column":null}},"type":"cond-expr","locations":[{"start":{"line":21,"column":36},"end":{"line":21,"column":47}},{"start":{"line":21,"column":47},"end":{"line":21,"column":null}}],"line":21},"1":{"loc":{"start":{"line":28,"column":51},"end":{"line":28,"column":null}},"type":"cond-expr","locations":[{"start":{"line":28,"column":63},"end":{"line":28,"column":78}},{"start":{"line":28,"column":78},"end":{"line":28,"column":null}}],"line":28},"2":{"loc":{"start":{"line":42,"column":51},"end":{"line":42,"column":null}},"type":"cond-expr","locations":[{"start":{"line":42,"column":78},"end":{"line":42,"column":89}},{"start":{"line":42,"column":89},"end":{"line":42,"column":null}}],"line":42},"3":{"loc":{"start":{"line":68,"column":58},"end":{"line":68,"column":null}},"type":"cond-expr","locations":[{"start":{"line":68,"column":70},"end":{"line":68,"column":85}},{"start":{"line":68,"column":85},"end":{"line":68,"column":null}}],"line":68},"4":{"loc":{"start":{"line":89,"column":7},"end":{"line":93,"column":null}},"type":"binary-expr","locations":[{"start":{"line":89,"column":7},"end":{"line":89,"column":null}},{"start":{"line":90,"column":8},"end":{"line":93,"column":null}}],"line":89},"5":{"loc":{"start":{"line":105,"column":9},"end":{"line":111,"column":17}},"type":"binary-expr","locations":[{"start":{"line":105,"column":9},"end":{"line":105,"column":null}},{"start":{"line":106,"column":10},"end":{"line":111,"column":17}}],"line":105},"6":{"loc":{"start":{"line":111,"column":9},"end":{"line":117,"column":null}},"type":"binary-expr","locations":[{"start":{"line":111,"column":9},"end":{"line":111,"column":null}},{"start":{"line":112,"column":10},"end":{"line":117,"column":null}}],"line":111}},"s":{"0":2,"1":11,"2":11,"3":11,"4":10,"5":6,"6":11,"7":66,"8":2,"9":61,"10":61,"11":61,"12":397},"f":{"0":11,"1":10,"2":6,"3":66,"4":2,"5":61,"6":61,"7":397},"b":{"0":[9,1],"1":[0,11],"2":[11,55],"3":[0,61],"4":[61,51],"5":[61,61],"6":[61,1]},"meta":{"lastBranch":7,"lastFunction":8,"lastStatement":13,"seen":{"s:7:19:14:Infinity":0,"f:16:24:16:35":0,"s:17:42:17:Infinity":1,"s:18:29:18:61":2,"s:20:27:23:Infinity":3,"f:20:27:20:Infinity":1,"s:21:11:21:Infinity":4,"b:21:36:21:47:21:47:21:Infinity":0,"f:21:56:21:64":2,"s:21:70:21:97":5,"s:25:2:58:Infinity":6,"b:28:63:28:78:28:78:28:Infinity":1,"f:39:24:39:29":3,"s:40:14:46:Infinity":7,"b:42:78:42:89:42:89:42:Infinity":2,"f:43:16:43:31":4,"s:43:31:43:Infinity":8,"f:53:28:53:33":5,"s:54:12:54:Infinity":9,"f:62:9:62:21":6,"s:63:29:63:Infinity":10,"s:65:2:118:Infinity":11,"b:68:70:68:85:68:85:68:Infinity":3,"b:89:7:89:Infinity:90:8:93:Infinity":4,"f:97:27:97:32":7,"s:98:10:100:Infinity":12,"b:105:9:105:Infinity:106:10:111:17":5,"b:111:9:111:Infinity:112:10:117:Infinity":6},"fnNames":{}}}
,"C:\\Users\\furqo\\.gemini\\antigravity-ide\\scratch\\dev-portfolio\\src\\components\\sections\\Skills.tsx": {"path":"C:\\Users\\furqo\\.gemini\\antigravity-ide\\scratch\\dev-portfolio\\src\\components\\sections\\Skills.tsx","statementMap":{"0":{"start":{"line":5,"column":49},"end":{"line":12,"column":null}},"1":{"start":{"line":15,"column":29},"end":{"line":15,"column":61}},"2":{"start":{"line":17,"column":2},"end":{"line":36,"column":null}},"3":{"start":{"line":32,"column":12},"end":{"line":32,"column":null}},"4":{"start":{"line":41,"column":29},"end":{"line":41,"column":null}},"5":{"start":{"line":43,"column":2},"end":{"line":75,"column":null}},"6":{"start":{"line":58,"column":10},"end":{"line":72,"column":null}}},"fnMap":{"0":{"name":"Skills","decl":{"start":{"line":14,"column":24},"end":{"line":14,"column":33}},"loc":{"start":{"line":14,"column":33},"end":{"line":38,"column":null}},"line":14},"1":{"name":"(anonymous_1)","decl":{"start":{"line":31,"column":23},"end":{"line":31,"column":28}},"loc":{"start":{"line":32,"column":12},"end":{"line":32,"column":null}},"line":32},"2":{"name":"SkillGroupCard","decl":{"start":{"line":40,"column":9},"end":{"line":40,"column":24}},"loc":{"start":{"line":40,"column":91},"end":{"line":77,"column":null}},"line":40},"3":{"name":"(anonymous_3)","decl":{"start":{"line":57,"column":21},"end":{"line":57,"column":26}},"loc":{"start":{"line":58,"column":10},"end":{"line":72,"column":null}},"line":58}},"branchMap":{"0":{"loc":{"start":{"line":20,"column":51},"end":{"line":20,"column":null}},"type":"cond-expr","locations":[{"start":{"line":20,"column":63},"end":{"line":20,"column":78}},{"start":{"line":20,"column":78},"end":{"line":20,"column":null}}],"line":20},"1":{"loc":{"start":{"line":46,"column":57},"end":{"line":46,"column":null}},"type":"cond-expr","locations":[{"start":{"line":46,"column":69},"end":{"line":46,"column":84}},{"start":{"line":46,"column":84},"end":{"line":46,"column":null}}],"line":46},"2":{"loc":{"start":{"line":51,"column":11},"end":{"line":51,"column":null}},"type":"binary-expr","locations":[{"start":{"line":51,"column":11},"end":{"line":51,"column":34}},{"start":{"line":51,"column":34},"end":{"line":51,"column":null}}],"line":51},"3":{"loc":{"start":{"line":65,"column":51},"end":{"line":65,"column":null}},"type":"cond-expr","locations":[{"start":{"line":65,"column":63},"end":{"line":65,"column":76}},{"start":{"line":65,"column":76},"end":{"line":65,"column":null}}],"line":65},"4":{"loc":{"start":{"line":67,"column":25},"end":{"line":67,"column":null}},"type":"cond-expr","locations":[{"start":{"line":67,"column":37},"end":{"line":67,"column":63}},{"start":{"line":67,"column":63},"end":{"line":67,"column":null}}],"line":67}},"s":{"0":2,"1":6,"2":6,"3":36,"4":36,"5":36,"6":180},"f":{"0":6,"1":36,"2":36,"3":180},"b":{"0":[0,6],"1":[0,36],"2":[36,0],"3":[0,180],"4":[0,180]},"meta":{"lastBranch":5,"lastFunction":4,"lastStatement":7,"seen":{"s:5:49:12:Infinity":0,"f:14:24:14:33":0,"s:15:29:15:61":1,"s:17:2:36:Infinity":2,"b:20:63:20:78:20:78:20:Infinity":0,"f:31:23:31:28":1,"s:32:12:32:Infinity":3,"f:40:9:40:24":2,"s:41:29:41:Infinity":4,"s:43:2:75:Infinity":5,"b:46:69:46:84:46:84:46:Infinity":1,"b:51:11:51:34:51:34:51:Infinity":2,"f:57:21:57:26":3,"s:58:10:72:Infinity":6,"b:65:63:65:76:65:76:65:Infinity":3,"b:67:37:67:63:67:63:67:Infinity":4},"fnNames":{}}}
,"C:\\Users\\furqo\\.gemini\\antigravity-ide\\scratch\\dev-portfolio\\src\\components\\ui\\Icons.tsx": {"path":"C:\\Users\\furqo\\.gemini\\antigravity-ide\\scratch\\dev-portfolio\\src\\components\\ui\\Icons.tsx","statementMap":{"0":{"start":{"line":4,"column":2},"end":{"line":8,"column":null}},"1":{"start":{"line":13,"column":2},"end":{"line":18,"column":null}}},"fnMap":{"0":{"name":"GithubIcon","decl":{"start":{"line":3,"column":16},"end":{"line":3,"column":27}},"loc":{"start":{"line":3,"column":59},"end":{"line":10,"column":null}},"line":3},"1":{"name":"LinkedinIcon","decl":{"start":{"line":12,"column":16},"end":{"line":12,"column":29}},"loc":{"start":{"line":12,"column":61},"end":{"line":20,"column":null}},"line":12}},"branchMap":{},"s":{"0":79,"1":18},"f":{"0":79,"1":18},"b":{},"meta":{"lastBranch":0,"lastFunction":2,"lastStatement":2,"seen":{"f:3:16:3:27":0,"s:4:2:8:Infinity":0,"f:12:16:12:29":1,"s:13:2:18:Infinity":1},"fnNames":{}}}
,"C:\\Users\\furqo\\.gemini\\antigravity-ide\\scratch\\dev-portfolio\\src\\data\\portfolioData.ts": {"path":"C:\\Users\\furqo\\.gemini\\antigravity-ide\\scratch\\dev-portfolio\\src\\data\\portfolioData.ts","statementMap":{"0":{"start":{"line":11,"column":42},"end":{"line":29,"column":null}},"1":{"start":{"line":31,"column":33},"end":{"line":36,"column":null}},"2":{"start":{"line":38,"column":35},"end":{"line":158,"column":null}},"3":{"start":{"line":160,"column":41},"end":{"line":227,"column":null}},"4":{"start":{"line":229,"column":41},"end":{"line":281,"column":null}},"5":{"start":{"line":283,"column":47},"end":{"line":308,"column":null}},"6":{"start":{"line":310,"column":35},"end":{"line":317,"column":null}}},"fnMap":{},"branchMap":{},"s":{"0":10,"1":10,"2":10,"3":10,"4":10,"5":10,"6":10},"f":{},"b":{},"meta":{"lastBranch":0,"lastFunction":0,"lastStatement":7,"seen":{"s:11:42:29:Infinity":0,"s:31:33:36:Infinity":1,"s:38:35:158:Infinity":2,"s:160:41:227:Infinity":3,"s:229:41:281:Infinity":4,"s:283:47:308:Infinity":5,"s:310:35:317:Infinity":6},"fnNames":{}}}
,"C:\\Users\\furqo\\.gemini\\antigravity-ide\\scratch\\dev-portfolio\\src\\hooks\\useScrollReveal.ts": {"path":"C:\\Users\\furqo\\.gemini\\antigravity-ide\\scratch\\dev-portfolio\\src\\hooks\\useScrollReveal.ts","statementMap":{"0":{"start":{"line":12,"column":77},"end":{"line":12,"column":null}},"1":{"start":{"line":13,"column":14},"end":{"line":13,"column":null}},"2":{"start":{"line":14,"column":36},"end":{"line":14,"column":null}},"3":{"start":{"line":16,"column":2},"end":{"line":36,"column":null}},"4":{"start":{"line":17,"column":20},"end":{"line":17,"column":null}},"5":{"start":{"line":18,"column":4},"end":{"line":18,"column":null}},"6":{"start":{"line":18,"column":18},"end":{"line":18,"column":null}},"7":{"start":{"line":20,"column":21},"end":{"line":32,"column":null}},"8":{"start":{"line":22,"column":8},"end":{"line":29,"column":null}},"9":{"start":{"line":23,"column":10},"end":{"line":23,"column":null}},"10":{"start":{"line":24,"column":10},"end":{"line":26,"column":null}},"11":{"start":{"line":25,"column":12},"end":{"line":25,"column":null}},"12":{"start":{"line":27,"column":15},"end":{"line":29,"column":null}},"13":{"start":{"line":28,"column":10},"end":{"line":28,"column":null}},"14":{"start":{"line":34,"column":4},"end":{"line":34,"column":null}},"15":{"start":{"line":35,"column":4},"end":{"line":35,"column":null}},"16":{"start":{"line":35,"column":17},"end":{"line":35,"column":null}},"17":{"start":{"line":38,"column":2},"end":{"line":38,"column":null}}},"fnMap":{"0":{"name":"useScrollReveal","decl":{"start":{"line":9,"column":16},"end":{"line":9,"column":null}},"loc":{"start":{"line":11,"column":2},"end":{"line":39,"column":null}},"line":11},"1":{"name":"(anonymous_1)","decl":{"start":{"line":16,"column":2},"end":{"line":16,"column":18}},"loc":{"start":{"line":16,"column":18},"end":{"line":36,"column":5}},"line":16},"2":{"name":"(anonymous_2)","decl":{"start":{"line":20,"column":25},"end":{"line":20,"column":null}},"loc":{"start":{"line":21,"column":19},"end":{"line":30,"column":null}},"line":21},"3":{"name":"(anonymous_3)","decl":{"start":{"line":35,"column":4},"end":{"line":35,"column":17}},"loc":{"start":{"line":35,"column":17},"end":{"line":35,"column":null}},"line":35}},"branchMap":{"0":{"loc":{"start":{"line":10,"column":2},"end":{"line":10,"column":null}},"type":"default-arg","locations":[{"start":{"line":10,"column":36},"end":{"line":10,"column":null}}],"line":10},"1":{"loc":{"start":{"line":12,"column":10},"end":{"line":12,"column":27}},"type":"default-arg","locations":[{"start":{"line":12,"column":22},"end":{"line":12,"column":27}}],"line":12},"2":{"loc":{"start":{"line":12,"column":27},"end":{"line":12,"column":61}},"type":"default-arg","locations":[{"start":{"line":12,"column":40},"end":{"line":12,"column":61}}],"line":12},"3":{"loc":{"start":{"line":12,"column":61},"end":{"line":12,"column":77}},"type":"default-arg","locations":[{"start":{"line":12,"column":68},"end":{"line":12,"column":77}}],"line":12},"4":{"loc":{"start":{"line":18,"column":4},"end":{"line":18,"column":null}},"type":"if","locations":[{"start":{"line":18,"column":4},"end":{"line":18,"column":null}},{"start":{},"end":{}}],"line":18},"5":{"loc":{"start":{"line":22,"column":8},"end":{"line":29,"column":null}},"type":"if","locations":[{"start":{"line":22,"column":8},"end":{"line":29,"column":null}},{"start":{"line":27,"column":15},"end":{"line":29,"column":null}}],"line":22},"6":{"loc":{"start":{"line":24,"column":10},"end":{"line":26,"column":null}},"type":"if","locations":[{"start":{"line":24,"column":10},"end":{"line":26,"column":null}},{"start":{},"end":{}}],"line":24},"7":{"loc":{"start":{"line":27,"column":15},"end":{"line":29,"column":null}},"type":"if","locations":[{"start":{"line":27,"column":15},"end":{"line":29,"column":null}},{"start":{},"end":{}}],"line":27}},"s":{"0":190,"1":190,"2":190,"3":190,"4":157,"5":157,"6":1,"7":156,"8":3,"9":2,"10":2,"11":1,"12":1,"13":1,"14":156,"15":156,"16":156,"17":190},"f":{"0":190,"1":157,"2":3,"3":156},"b":{"0":[190],"1":[190],"2":[190],"3":[190],"4":[1,156],"5":[2,1],"6":[1,1],"7":[1,0]},"meta":{"lastBranch":8,"lastFunction":4,"lastStatement":18,"seen":{"f:9:16:9:Infinity":0,"b:10:36:10:Infinity":0,"s:12:77:12:Infinity":0,"b:12:22:12:27":1,"b:12:40:12:61":2,"b:12:68:12:77":3,"s:13:14:13:Infinity":1,"s:14:36:14:Infinity":2,"s:16:2:36:Infinity":3,"f:16:2:16:18":1,"s:17:20:17:Infinity":4,"b:18:4:18:Infinity:undefined:undefined:undefined:undefined":4,"s:18:4:18:Infinity":5,"s:18:18:18:Infinity":6,"s:20:21:32:Infinity":7,"f:20:25:20:Infinity":2,"b:22:8:29:Infinity:27:15:29:Infinity":5,"s:22:8:29:Infinity":8,"s:23:10:23:Infinity":9,"b:24:10:26:Infinity:undefined:undefined:undefined:undefined":6,"s:24:10:26:Infinity":10,"s:25:12:25:Infinity":11,"b:27:15:29:Infinity:undefined:undefined:undefined:undefined":7,"s:27:15:29:Infinity":12,"s:28:10:28:Infinity":13,"s:34:4:34:Infinity":14,"s:35:4:35:Infinity":15,"f:35:4:35:17":3,"s:35:17:35:Infinity":16,"s:38:2:38:Infinity":17},"fnNames":{}}}
,"C:\\Users\\furqo\\.gemini\\antigravity-ide\\scratch\\dev-portfolio\\src\\hooks\\useTheme.ts": {"path":"C:\\Users\\furqo\\.gemini\\antigravity-ide\\scratch\\dev-portfolio\\src\\hooks\\useTheme.ts","statementMap":{"0":{"start":{"line":4,"column":28},"end":{"line":8,"column":null}},"1":{"start":{"line":5,"column":19},"end":{"line":5,"column":null}},"2":{"start":{"line":6,"column":4},"end":{"line":6,"column":null}},"3":{"start":{"line":6,"column":49},"end":{"line":6,"column":null}},"4":{"start":{"line":7,"column":4},"end":{"line":7,"column":null}},"5":{"start":{"line":10,"column":2},"end":{"line":13,"column":null}},"6":{"start":{"line":11,"column":4},"end":{"line":11,"column":null}},"7":{"start":{"line":12,"column":4},"end":{"line":12,"column":null}},"8":{"start":{"line":15,"column":22},"end":{"line":17,"column":null}},"9":{"start":{"line":16,"column":4},"end":{"line":16,"column":null}},"10":{"start":{"line":16,"column":24},"end":{"line":16,"column":59}},"11":{"start":{"line":19,"column":2},"end":{"line":19,"column":null}}},"fnMap":{"0":{"name":"useTheme","decl":{"start":{"line":3,"column":16},"end":{"line":3,"column":27}},"loc":{"start":{"line":3,"column":27},"end":{"line":20,"column":null}},"line":3},"1":{"name":"(anonymous_1)","decl":{"start":{"line":4,"column":28},"end":{"line":4,"column":61}},"loc":{"start":{"line":4,"column":61},"end":{"line":8,"column":3}},"line":4},"2":{"name":"(anonymous_2)","decl":{"start":{"line":10,"column":2},"end":{"line":10,"column":18}},"loc":{"start":{"line":10,"column":18},"end":{"line":13,"column":5}},"line":10},"3":{"name":"(anonymous_3)","decl":{"start":{"line":15,"column":22},"end":{"line":15,"column":40}},"loc":{"start":{"line":15,"column":40},"end":{"line":17,"column":5}},"line":15},"4":{"name":"(anonymous_4)","decl":{"start":{"line":16,"column":4},"end":{"line":16,"column":14}},"loc":{"start":{"line":16,"column":24},"end":{"line":16,"column":59}},"line":16}},"branchMap":{"0":{"loc":{"start":{"line":6,"column":4},"end":{"line":6,"column":null}},"type":"if","locations":[{"start":{"line":6,"column":4},"end":{"line":6,"column":null}},{"start":{},"end":{}}],"line":6},"1":{"loc":{"start":{"line":6,"column":8},"end":{"line":6,"column":49}},"type":"binary-expr","locations":[{"start":{"line":6,"column":8},"end":{"line":6,"column":29}},{"start":{"line":6,"column":29},"end":{"line":6,"column":49}}],"line":6},"2":{"loc":{"start":{"line":7,"column":11},"end":{"line":7,"column":null}},"type":"cond-expr","locations":[{"start":{"line":7,"column":72},"end":{"line":7,"column":82}},{"start":{"line":7,"column":82},"end":{"line":7,"column":null}}],"line":7},"3":{"loc":{"start":{"line":16,"column":24},"end":{"line":16,"column":59}},"type":"cond-expr","locations":[{"start":{"line":16,"column":42},"end":{"line":16,"column":52}},{"start":{"line":16,"column":52},"end":{"line":16,"column":59}}],"line":16}},"s":{"0":11,"1":8,"2":8,"3":4,"4":4,"5":11,"6":11,"7":11,"8":11,"9":3,"10":3,"11":11},"f":{"0":11,"1":8,"2":11,"3":3,"4":3},"b":{"0":[4,4],"1":[8,5],"2":[1,3],"3":[2,1]},"meta":{"lastBranch":4,"lastFunction":5,"lastStatement":12,"seen":{"f:3:16:3:27":0,"s:4:28:8:Infinity":0,"f:4:28:4:61":1,"s:5:19:5:Infinity":1,"b:6:4:6:Infinity:undefined:undefined:undefined:undefined":0,"s:6:4:6:Infinity":2,"b:6:8:6:29:6:29:6:49":1,"s:6:49:6:Infinity":3,"s:7:4:7:Infinity":4,"b:7:72:7:82:7:82:7:Infinity":2,"s:10:2:13:Infinity":5,"f:10:2:10:18":2,"s:11:4:11:Infinity":6,"s:12:4:12:Infinity":7,"s:15:22:17:Infinity":8,"f:15:22:15:40":3,"s:16:4:16:Infinity":9,"f:16:4:16:14":4,"s:16:24:16:59":10,"b:16:42:16:52:16:52:16:59":3,"s:19:2:19:Infinity":11},"fnNames":{}}}
,"C:\\Users\\furqo\\.gemini\\antigravity-ide\\scratch\\dev-portfolio\\src\\hooks\\useTypingEffect.ts": {"path":"C:\\Users\\furqo\\.gemini\\antigravity-ide\\scratch\\dev-portfolio\\src\\hooks\\useTypingEffect.ts","statementMap":{"0":{"start":{"line":4,"column":40},"end":{"line":4,"column":null}},"1":{"start":{"line":5,"column":42},"end":{"line":5,"column":null}},"2":{"start":{"line":6,"column":38},"end":{"line":6,"column":null}},"3":{"start":{"line":8,"column":15},"end":{"line":29,"column":null}},"4":{"start":{"line":9,"column":26},"end":{"line":9,"column":null}},"5":{"start":{"line":11,"column":4},"end":{"line":28,"column":null}},"6":{"start":{"line":13,"column":6},"end":{"line":19,"column":null}},"7":{"start":{"line":14,"column":8},"end":{"line":14,"column":null}},"8":{"start":{"line":17,"column":8},"end":{"line":17,"column":null}},"9":{"start":{"line":17,"column":25},"end":{"line":17,"column":46}},"10":{"start":{"line":18,"column":8},"end":{"line":18,"column":null}},"11":{"start":{"line":22,"column":6},"end":{"line":27,"column":null}},"12":{"start":{"line":23,"column":8},"end":{"line":23,"column":null}},"13":{"start":{"line":25,"column":8},"end":{"line":25,"column":null}},"14":{"start":{"line":26,"column":8},"end":{"line":26,"column":null}},"15":{"start":{"line":26,"column":25},"end":{"line":26,"column":61}},"16":{"start":{"line":31,"column":2},"end":{"line":35,"column":null}},"17":{"start":{"line":32,"column":18},"end":{"line":32,"column":null}},"18":{"start":{"line":33,"column":18},"end":{"line":33,"column":null}},"19":{"start":{"line":34,"column":4},"end":{"line":34,"column":null}},"20":{"start":{"line":34,"column":17},"end":{"line":34,"column":null}},"21":{"start":{"line":37,"column":2},"end":{"line":37,"column":null}}},"fnMap":{"0":{"name":"useTypingEffect","decl":{"start":{"line":3,"column":16},"end":{"line":3,"column":32}},"loc":{"start":{"line":3,"column":111},"end":{"line":38,"column":null}},"line":3},"1":{"name":"(anonymous_1)","decl":{"start":{"line":8,"column":15},"end":{"line":8,"column":33}},"loc":{"start":{"line":8,"column":33},"end":{"line":29,"column":5}},"line":8},"2":{"name":"(anonymous_2)","decl":{"start":{"line":17,"column":8},"end":{"line":17,"column":25}},"loc":{"start":{"line":17,"column":25},"end":{"line":17,"column":46}},"line":17},"3":{"name":"(anonymous_3)","decl":{"start":{"line":26,"column":8},"end":{"line":26,"column":25}},"loc":{"start":{"line":26,"column":25},"end":{"line":26,"column":61}},"line":26},"4":{"name":"(anonymous_4)","decl":{"start":{"line":31,"column":2},"end":{"line":31,"column":18}},"loc":{"start":{"line":31,"column":18},"end":{"line":35,"column":5}},"line":31},"5":{"name":"(anonymous_5)","decl":{"start":{"line":34,"column":4},"end":{"line":34,"column":17}},"loc":{"start":{"line":34,"column":17},"end":{"line":34,"column":null}},"line":34}},"branchMap":{"0":{"loc":{"start":{"line":3,"column":51},"end":{"line":3,"column":69}},"type":"default-arg","locations":[{"start":{"line":3,"column":65},"end":{"line":3,"column":69}}],"line":3},"1":{"loc":{"start":{"line":3,"column":69},"end":{"line":3,"column":89}},"type":"default-arg","locations":[{"start":{"line":3,"column":85},"end":{"line":3,"column":89}}],"line":3},"2":{"loc":{"start":{"line":3,"column":89},"end":{"line":3,"column":111}},"type":"default-arg","locations":[{"start":{"line":3,"column":105},"end":{"line":3,"column":111}}],"line":3},"3":{"loc":{"start":{"line":11,"column":4},"end":{"line":28,"column":null}},"type":"if","locations":[{"start":{"line":11,"column":4},"end":{"line":28,"column":null}},{"start":{"line":20,"column":11},"end":{"line":28,"column":null}}],"line":11},"4":{"loc":{"start":{"line":13,"column":6},"end":{"line":19,"column":null}},"type":"if","locations":[{"start":{"line":13,"column":6},"end":{"line":19,"column":null}},{"start":{"line":15,"column":13},"end":{"line":19,"column":null}}],"line":13},"5":{"loc":{"start":{"line":22,"column":6},"end":{"line":27,"column":null}},"type":"if","locations":[{"start":{"line":22,"column":6},"end":{"line":27,"column":null}},{"start":{"line":24,"column":13},"end":{"line":27,"column":null}}],"line":22},"6":{"loc":{"start":{"line":32,"column":18},"end":{"line":32,"column":null}},"type":"cond-expr","locations":[{"start":{"line":32,"column":31},"end":{"line":32,"column":47}},{"start":{"line":32,"column":47},"end":{"line":32,"column":null}}],"line":32}},"s":{"0":24,"1":24,"2":24,"3":24,"4":11,"5":11,"6":8,"7":7,"8":1,"9":1,"10":1,"11":3,"12":2,"13":1,"14":1,"15":1,"16":24,"17":23,"18":23,"19":23,"20":23,"21":24},"f":{"0":24,"1":11,"2":1,"3":1,"4":23,"5":23},"b":{"0":[24],"1":[24],"2":[24],"3":[8,3],"4":[7,1],"5":[2,1],"6":[3,20]},"meta":{"lastBranch":7,"lastFunction":6,"lastStatement":22,"seen":{"f:3:16:3:32":0,"b:3:65:3:69":0,"b:3:85:3:89":1,"b:3:105:3:111":2,"s:4:40:4:Infinity":0,"s:5:42:5:Infinity":1,"s:6:38:6:Infinity":2,"s:8:15:29:Infinity":3,"f:8:15:8:33":1,"s:9:26:9:Infinity":4,"b:11:4:28:Infinity:20:11:28:Infinity":3,"s:11:4:28:Infinity":5,"b:13:6:19:Infinity:15:13:19:Infinity":4,"s:13:6:19:Infinity":6,"s:14:8:14:Infinity":7,"s:17:8:17:Infinity":8,"f:17:8:17:25":2,"s:17:25:17:46":9,"s:18:8:18:Infinity":10,"b:22:6:27:Infinity:24:13:27:Infinity":5,"s:22:6:27:Infinity":11,"s:23:8:23:Infinity":12,"s:25:8:25:Infinity":13,"s:26:8:26:Infinity":14,"f:26:8:26:25":3,"s:26:25:26:61":15,"s:31:2:35:Infinity":16,"f:31:2:31:18":4,"s:32:18:32:Infinity":17,"b:32:31:32:47:32:47:32:Infinity":6,"s:33:18:33:Infinity":18,"s:34:4:34:Infinity":19,"f:34:4:34:17":5,"s:34:17:34:Infinity":20,"s:37:2:37:Infinity":21},"fnNames":{}}}
}
